<?xml version="1.0" encoding="UTF-8"?>
<coverage generated="1622455268934" clover="3.2.0">
  <project timestamp="1622455268934" name="All files">
    <metrics statements="10" coveredstatements="10" conditionals="8" coveredconditionals="8" methods="2" coveredmethods="2" elements="20" coveredelements="20" complexity="0" loc="10" ncloc="10" packages="1" files="1" classes="1"/>
    <file name="fizzbuzz.js" path="/Users/claudiodeangelis/cashrewards/fizzbuzz.js">
      <metrics statements="10" coveredstatements="10" conditionals="8" coveredconditionals="8" methods="2" coveredmethods="2"/>
      <line num="1" count="1" type="stmt"/>
      <line num="2" count="7" type="stmt"/>
      <line num="3" count="700" type="cond" truecount="4" falsecount="0"/>
      <line num="4" count="49" type="stmt"/>
      <line num="6" count="651" type="cond" truecount="2" falsecount="0"/>
      <line num="7" count="189" type="stmt"/>
      <line num="9" count="462" type="cond" truecount="2" falsecount="0"/>
      <line num="10" count="91" type="stmt"/>
      <line num="12" count="371" type="stmt"/>
      <line num="16" count="1" type="stmt"/>
    </file>
  </project>
</coverage>
